<?xml version="1.0" encoding="UTF-8"?>
<testng-results ignored="0" total="3" passed="3" failed="0" skipped="0">
  <reporter-output>
  </reporter-output>
  <suite started-at="2026-06-23T09:20:44 IST" name="Default suite" finished-at="2026-06-23T09:22:29 IST" duration-ms="104663">
    <groups>
      <group name="cucumber">
        <method signature="AbstractTestNGCucumberTests.runScenario(io.cucumber.testng.PickleWrapper,io.cucumber.testng.FeatureWrapper)[pri:0, instance:cucumberOptions.TestRunner@222a59e6]" name="runScenario" class="io.cucumber.testng.AbstractTestNGCucumberTests"/>
      </group> <!-- cucumber -->
    </groups>
    <test started-at="2026-06-23T09:20:44 IST" name="Default test" finished-at="2026-06-23T09:22:29 IST" duration-ms="104663">
      <class name="cucumberOptions.TestRunner">
        <test-method is-config="true" signature="setUpClass(org.testng.ITestContext)[pri:0, instance:cucumberOptions.TestRunner@222a59e6]" started-at="2026-06-23T09:20:44 IST" name="setUpClass" finished-at="2026-06-23T09:20:45 IST" duration-ms="280" status="PASS">
          <params>
            <param index="0">
              <value>
                <![CDATA[org.testng.TestRunner@2b491fee]]>
              </value>
            </param>
          </params>
          <reporter-output>
          </reporter-output>
        </test-method> <!-- setUpClass -->
        <test-method signature="runScenario(io.cucumber.testng.PickleWrapper,io.cucumber.testng.FeatureWrapper)[pri:0, instance:cucumberOptions.TestRunner@222a59e6]" started-at="2026-06-23T09:20:45 IST" name="runScenario" description="Runs Cucumber Scenarios" data-provider="scenarios" finished-at="2026-06-23T09:22:15 IST" duration-ms="90323" status="PASS">
          <params>
            <param index="0">
              <value>
                <![CDATA["Select the room and Experience"]]>
              </value>
            </param>
            <param index="1">
              <value>
                <![CDATA["Select the room and Experiance"]]>
              </value>
            </param>
          </params>
          <reporter-output>
          </reporter-output>
        </test-method> <!-- runScenario -->
        <test-method signature="runScenario(io.cucumber.testng.PickleWrapper,io.cucumber.testng.FeatureWrapper)[pri:0, instance:cucumberOptions.TestRunner@222a59e6]" started-at="2026-06-23T09:20:45 IST" name="runScenario" description="Runs Cucumber Scenarios" data-provider="scenarios" finished-at="2026-06-23T09:22:29 IST" duration-ms="104327" status="PASS">
          <params>
            <param index="0">
              <value>
                <![CDATA["Fill Guest Information and Proceed to Pay"]]>
              </value>
            </param>
            <param index="1">
              <value>
                <![CDATA["Fill guest Info and Proceed to Pay"]]>
              </value>
            </param>
          </params>
          <reporter-output>
          </reporter-output>
        </test-method> <!-- runScenario -->
        <test-method signature="runScenario(io.cucumber.testng.PickleWrapper,io.cucumber.testng.FeatureWrapper)[pri:0, instance:cucumberOptions.TestRunner@222a59e6]" started-at="2026-06-23T09:20:45 IST" name="runScenario" description="Runs Cucumber Scenarios" data-provider="scenarios" finished-at="2026-06-23T09:22:03 IST" duration-ms="78149" status="PASS">
          <params>
            <param index="0">
              <value>
                <![CDATA["Select the Destination and Date"]]>
              </value>
            </param>
            <param index="1">
              <value>
                <![CDATA["Select the Place and date"]]>
              </value>
            </param>
          </params>
          <reporter-output>
          </reporter-output>
        </test-method> <!-- runScenario -->
        <test-method is-config="true" signature="tearDownClass()[pri:0, instance:cucumberOptions.TestRunner@222a59e6]" started-at="2026-06-23T09:22:29 IST" name="tearDownClass" finished-at="2026-06-23T09:22:29 IST" duration-ms="3" status="PASS">
          <reporter-output>
          </reporter-output>
        </test-method> <!-- tearDownClass -->
      </class> <!-- cucumberOptions.TestRunner -->
    </test> <!-- Default test -->
  </suite> <!-- Default suite -->
</testng-results>
