<?xml version="1.0" encoding="UTF-8"?>
<!-- Generated by org.testng.reporters.JUnitReportReporter -->
<testsuite hostname="LP-TZ-85009848" failures="0" tests="3" name="cucumberOptions.TestRunner" time="272.799" errors="0" timestamp="2026-06-23T09:22:29 IST" skipped="0">
  <testcase classname="cucumberOptions.TestRunner" name="runScenario" time="90.323"/>
  <testcase classname="cucumberOptions.TestRunner" name="runScenario" time="104.327"/>
  <testcase classname="cucumberOptions.TestRunner" name="runScenario" time="78.149"/>
</testsuite> <!-- cucumberOptions.TestRunner -->
